<?xml version="1.0" encoding="UTF-8"?>
<!-- Generated by org.testng.reporters.JUnitReportReporter -->
<testsuite skipped="0" hostname="Josephs-MBP" name="sampleTest.TS_001_CRUD_Devqa_Example" tests="7" failures="0" timestamp="2022-01-23T18:01:31 EST" time="3.119" errors="0">
  <testcase name="getDataApi" time="1.533" classname="sampleTest.TS_001_CRUD_Devqa_Example"/>
  <system-out/>
  <testcase name="postDataApi" time="0.208" classname="sampleTest.TS_001_CRUD_Devqa_Example"/>
  <system-out/>
  <testcase name="putDataApi" time="0.160" classname="sampleTest.TS_001_CRUD_Devqa_Example"/>
  <system-out/>
  <testcase name="patchDataApi" time="0.174" classname="sampleTest.TS_001_CRUD_Devqa_Example"/>
  <system-out/>
  <testcase name="deleteDataApi" time="0.171" classname="sampleTest.TS_001_CRUD_Devqa_Example"/>
  <system-out/>
  <testcase name="deserializationTest" time="0.689" classname="sampleTest.TS_001_CRUD_Devqa_Example"/>
  <system-out/>
  <testcase name="deserializedObjectTest" time="0.184" classname="sampleTest.TS_001_CRUD_Devqa_Example"/>
  <system-out/>
</testsuite> <!-- sampleTest.TS_001_CRUD_Devqa_Example -->
