<?xml version="1.0" encoding="UTF-8"?>
<!-- Generated by org.testng.reporters.JUnitReportReporter -->
<testsuite skipped="0" hostname="Josephs-MBP" name="sampleTest.TS_001_CRUD_Devqa_Example" tests="6" failures="0" timestamp="2022-01-21T18:48:46 EST" time="2.313" errors="0">
  <testcase name="getDataApi" time="1.530" classname="sampleTest.TS_001_CRUD_Devqa_Example"/>
  <system-out/>
  <testcase name="postDataApi" time="0.181" classname="sampleTest.TS_001_CRUD_Devqa_Example"/>
  <system-out/>
  <testcase name="putDataApi" time="0.158" classname="sampleTest.TS_001_CRUD_Devqa_Example"/>
  <system-out/>
  <testcase name="patchDataApi" time="0.143" classname="sampleTest.TS_001_CRUD_Devqa_Example"/>
  <system-out/>
  <testcase name="getDataLastApi" time="0.137" classname="sampleTest.TS_001_CRUD_Devqa_Example"/>
  <system-out/>
  <testcase name="deleteDataApi" time="0.164" classname="sampleTest.TS_001_CRUD_Devqa_Example"/>
  <system-out/>
</testsuite> <!-- sampleTest.TS_001_CRUD_Devqa_Example -->
