<?xml version="1.0" encoding="UTF-8"?>
<!-- Generated by org.testng.reporters.JUnitReportReporter -->
<testsuite skipped="0" hostname="Josephs-MBP" name="sampleTest.TS_001_CRUD_Devqa_Example" tests="5" failures="0" timestamp="2022-01-21T12:08:46 EST" time="2.184" errors="0">
  <testcase name="getDataApi" time="1.497" classname="sampleTest.TS_001_CRUD_Devqa_Example"/>
  <system-out/>
  <testcase name="postDataApi" time="0.209" classname="sampleTest.TS_001_CRUD_Devqa_Example"/>
  <system-out/>
  <testcase name="putDataApi" time="0.166" classname="sampleTest.TS_001_CRUD_Devqa_Example"/>
  <system-out/>
  <testcase name="patchDataApi" time="0.158" classname="sampleTest.TS_001_CRUD_Devqa_Example"/>
  <system-out/>
  <testcase name="deleteDataApi" time="0.154" classname="sampleTest.TS_001_CRUD_Devqa_Example"/>
  <system-out/>
</testsuite> <!-- sampleTest.TS_001_CRUD_Devqa_Example -->
